<?xml version="1.0" encoding="UTF-8"?>
<testng-results skipped="0" failed="0" total="1" passed="1">
  <reporter-output>
  </reporter-output>
  <suite name="Default suite" duration-ms="9098" started-at="2017-04-26T19:40:39Z" finished-at="2017-04-26T19:40:49Z">
    <groups>
    </groups>
    <test name="Default test" duration-ms="9098" started-at="2017-04-26T19:40:39Z" finished-at="2017-04-26T19:40:49Z">
      <class name="com.wbl.basics.HomePage">
        <test-method status="PASS" signature="beforeClass()[pri:0, instance:com.wbl.basics.HomePage@be92ad]" name="beforeClass" is-config="true" duration-ms="6097" started-at="2017-04-26T11:40:39Z" finished-at="2017-04-26T11:40:46Z">
          <reporter-output>
          </reporter-output>
        </test-method> <!-- beforeClass -->
        <test-method status="PASS" signature="searchBox()[pri:1, instance:com.wbl.basics.HomePage@be92ad]" name="searchBox" duration-ms="2830" started-at="2017-04-26T11:40:46Z" finished-at="2017-04-26T11:40:48Z">
          <reporter-output>
          </reporter-output>
        </test-method> <!-- searchBox -->
        <test-method status="PASS" signature="afterMethod()[pri:0, instance:com.wbl.basics.HomePage@be92ad]" name="afterMethod" is-config="true" duration-ms="151" started-at="2017-04-26T11:40:48Z" finished-at="2017-04-26T11:40:49Z">
          <reporter-output>
          </reporter-output>
        </test-method> <!-- afterMethod -->
      </class> <!-- com.wbl.basics.HomePage -->
    </test> <!-- Default test -->
  </suite> <!-- Default suite -->
</testng-results>
