<?xml version="1.0" encoding="UTF-8"?>
<testng-results skipped="0" failed="0" total="2" passed="2">
  <reporter-output>
  </reporter-output>
  <suite name="Default suite" duration-ms="30016" started-at="2017-04-27T23:56:00Z" finished-at="2017-04-27T23:56:30Z">
    <groups>
    </groups>
    <test name="Default test" duration-ms="30016" started-at="2017-04-27T23:56:00Z" finished-at="2017-04-27T23:56:30Z">
      <class name="com.wbl.basics.SelectAndRadioAndWebElementMethods">
        <test-method status="PASS" signature="beforeClass()[pri:0, instance:com.wbl.basics.SelectAndRadioAndWebElementMethods@be92ad]" name="beforeClass" is-config="true" duration-ms="8121" started-at="2017-04-27T15:56:00Z" finished-at="2017-04-27T15:56:08Z">
          <reporter-output>
          </reporter-output>
        </test-method> <!-- beforeClass -->
        <test-method status="PASS" signature="registerExampleWithWebElementMethods()[pri:0, instance:com.wbl.basics.SelectAndRadioAndWebElementMethods@be92ad]" name="registerExampleWithWebElementMethods" duration-ms="7761" started-at="2017-04-27T15:56:08Z" finished-at="2017-04-27T15:56:16Z">
          <reporter-output>
          </reporter-output>
        </test-method> <!-- registerExampleWithWebElementMethods -->
        <test-method status="PASS" signature="selectExample()[pri:1, instance:com.wbl.basics.SelectAndRadioAndWebElementMethods@be92ad]" name="selectExample" duration-ms="8236" started-at="2017-04-27T15:56:16Z" finished-at="2017-04-27T15:56:24Z">
          <reporter-output>
          </reporter-output>
        </test-method> <!-- selectExample -->
        <test-method status="PASS" signature="afterClass()[pri:0, instance:com.wbl.basics.SelectAndRadioAndWebElementMethods@be92ad]" name="afterClass" is-config="true" duration-ms="5880" started-at="2017-04-27T15:56:24Z" finished-at="2017-04-27T15:56:30Z">
          <reporter-output>
          </reporter-output>
        </test-method> <!-- afterClass -->
      </class> <!-- com.wbl.basics.SelectAndRadioAndWebElementMethods -->
    </test> <!-- Default test -->
  </suite> <!-- Default suite -->
</testng-results>
