<?xml version="1.0" encoding="UTF-8"?>
<testng-results skipped="0" failed="0" total="2" passed="2">
  <reporter-output>
  </reporter-output>
  <suite name="Default suite" duration-ms="3432" started-at="2017-05-15T19:55:12Z" finished-at="2017-05-15T19:55:16Z">
    <groups>
    </groups>
    <test name="Default test" duration-ms="3432" started-at="2017-05-15T19:55:12Z" finished-at="2017-05-15T19:55:16Z">
      <class name="com.wbl.restassured_automation.RestAssuredAPITest">
        <test-method status="PASS" signature="beforeSuite()[pri:0, instance:com.wbl.restassured_automation.RestAssuredAPITest@26be92ad]" name="beforeSuite" is-config="true" duration-ms="689" started-at="2017-05-15T12:55:12Z" finished-at="2017-05-15T12:55:12Z">
          <reporter-output>
          </reporter-output>
        </test-method> <!-- beforeSuite -->
        <test-method status="PASS" signature="getTest()[pri:0, instance:com.wbl.restassured_automation.RestAssuredAPITest@26be92ad]" name="getTest" duration-ms="2674" started-at="2017-05-15T12:55:12Z" finished-at="2017-05-15T12:55:15Z">
          <reporter-output>
          </reporter-output>
        </test-method> <!-- getTest -->
        <test-method status="PASS" signature="postTest()[pri:0, instance:com.wbl.restassured_automation.RestAssuredAPITest@26be92ad]" name="postTest" duration-ms="719" started-at="2017-05-15T12:55:15Z" finished-at="2017-05-15T12:55:16Z">
          <reporter-output>
          </reporter-output>
        </test-method> <!-- postTest -->
      </class> <!-- com.wbl.restassured_automation.RestAssuredAPITest -->
    </test> <!-- Default test -->
  </suite> <!-- Default suite -->
</testng-results>
